START-OF-LOG: 3.0
LOCATION: DX
CALLSIGN: SQ6IUS
CLUB: None
CONTEST: CQ-WW-SSB
CATEGORY-OPERATOR: SINGLE-OP
CATEGORY-ASSISTED: ASSISTED
CATEGORY-BAND: ALL
CATEGORY-MODE: SSB
CATEGORY-POWER: LOW
CATEGORY-STATION: FIXED
CATEGORY-TIME: 24-HOURS
CATEGORY-TRANSMITTER: ONE
CLAIMED-SCORE: 8927
OPERATORS: SQ6IUS
NAME: piotr
ADDRESS: 
ADDRESS-CITY: Wroc³aw
ADDRESS-STATE-PROVINCE: D
ADDRESS-POSTALCODE:51-163 
ADDRESS-COUNTRY: POLAND
CREATED-BY: N1MM Logger V13.2.2
QSO:  7000 PH 2018-10-27 1809 SQ6IUS        59  15     LZ9W          59  20      
QSO:  7000 PH 2018-10-27 1818 SQ6IUS        59  15     IR7T          59  15      
QSO:  7000 PH 2018-10-27 1826 SQ6IUS        59  15     LZ7A          59  20      
QSO:  7000 PH 2018-10-27 1832 SQ6IUS        59  15     ER4DX         59  16      
QSO:  7000 PH 2018-10-27 1912 SQ6IUS        59  15     G2F           59  14      
QSO:  7000 PH 2018-10-27 1946 SQ6IUS        59  15     RL3A          59  16      
QSO:  7000 PH 2018-10-27 1953 SQ6IUS        59  15     IO9A          59  15      
QSO:  7000 PH 2018-10-27 1954 SQ6IUS        59  15     RT6A          59  16      
QSO:  7000 PH 2018-10-27 1955 SQ6IUS        59  15     ED3X          59  14      
QSO:  7000 PH 2018-10-27 1956 SQ6IUS        59  15     US1Q          59  16      
QSO:  7000 PH 2018-10-27 1957 SQ6IUS        59  15     IT9FRX        59  15      
QSO:  7000 PH 2018-10-27 1959 SQ6IUS        59  15     9H6A          59  15      
QSO:  7000 PH 2018-10-27 2001 SQ6IUS        59  15     IR9W          59  15      
QSO:  3500 PH 2018-10-27 2010 SQ6IUS        59  15     S57AL         59  15      
QSO:  3500 PH 2018-10-27 2012 SQ6IUS        59  15     DR5N          59  14      
QSO:  1800 PH 2018-10-27 2018 SQ6IUS        59  15     DF0HQ         59  14      
QSO:  1800 PH 2018-10-27 2021 SQ6IUS        59  15     OK7K          59  15      
QSO:  1800 PH 2018-10-27 2022 SQ6IUS        59  15     OK1T          59  15      
QSO:  1800 PH 2018-10-27 2053 SQ6IUS        59  15     S53O          59  15      
QSO: 14000 PH 2018-10-28 1002 SQ6IUS        59  15     OH8X          59  15      
QSO: 14000 PH 2018-10-28 1003 SQ6IUS        59  15     CN3A          59  33      
QSO: 14000 PH 2018-10-28 1005 SQ6IUS        59  15     SX2X          59  20      
QSO: 14000 PH 2018-10-28 1012 SQ6IUS        59  15     GS7V          59  14      
QSO: 14000 PH 2018-10-28 1012 SQ6IUS        59  15     OH5BM         59  15      
QSO: 14000 PH 2018-10-28 1016 SQ6IUS        59  15     9H6A          59  15      
QSO: 14000 PH 2018-10-28 1017 SQ6IUS        59  15     LZ4AW         59  20      
QSO: 14000 PH 2018-10-28 1018 SQ6IUS        59  15     EM2G          59  16      
QSO: 21000 PH 2018-10-28 1024 SQ6IUS        59  15     CN2CO         59  33      
QSO: 21000 PH 2018-10-28 1025 SQ6IUS        59  15     CN3A          59  33      
QSO: 21000 PH 2018-10-28 1027 SQ6IUS        59  15     D4C           59  35      
QSO: 21000 PH 2018-10-28 1029 SQ6IUS        59  15     UP0L          59  17      
QSO: 21000 PH 2018-10-28 1030 SQ6IUS        59  15     F2JD          59  14      
QSO: 21000 PH 2018-10-28 1030 SQ6IUS        59  15     UT7HA         59  16      
QSO: 21000 PH 2018-10-28 1054 SQ6IUS        59  15     UY7MM         59  16      
QSO: 21000 PH 2018-10-28 1056 SQ6IUS        59  15     ED3D          59  14      
QSO: 21000 PH 2018-10-28 1108 SQ6IUS        59  15     ZS6TVB        59  38      
QSO: 21000 PH 2018-10-28 1123 SQ6IUS        59  15     UT7CR         59  16      
QSO: 21000 PH 2018-10-28 1134 SQ6IUS        59  15     ED3X          59  14      
QSO: 21000 PH 2018-10-28 1135 SQ6IUS        59  15     DK2MX         59  14      
QSO: 14000 PH 2018-10-28 1146 SQ6IUS        59  15     EA5DFV        59  14      
QSO: 14000 PH 2018-10-28 1149 SQ6IUS        59  15     R7KZ          59  16      
QSO: 14000 PH 2018-10-28 1150 SQ6IUS        59  15     UW5Y          59  16      
QSO: 14000 PH 2018-10-28 1155 SQ6IUS        59  15     TM6M          59  14      
QSO: 14000 PH 2018-10-28 1157 SQ6IUS        59  15     C4A           59  20      
QSO: 14000 PH 2018-10-28 1202 SQ6IUS        59  15     HB9EOU        59  14      
QSO: 14000 PH 2018-10-28 1202 SQ6IUS        59  15     ED3X          59  14      
QSO: 14000 PH 2018-10-28 1212 SQ6IUS        59  15     SV1PMR        59  20      
QSO: 14000 PH 2018-10-28 1217 SQ6IUS        59  15     TM0T          59  14      
QSO: 21000 PH 2018-10-28 1226 SQ6IUS        59  15     RT6A          59  16      
QSO: 21000 PH 2018-10-28 1231 SQ6IUS        59  15     CR3DX         59  33      
QSO: 14000 PH 2018-10-28 1307 SQ6IUS        59  15     UA4M          59  16      
QSO:  7000 PH 2018-10-28 1338 SQ6IUS        59  15     E7CW          59  15      
QSO:  7000 PH 2018-10-28 1339 SQ6IUS        59  15     OE5XRL        59  15      
QSO: 14000 PH 2018-10-28 1410 SQ6IUS        59  15     SV9FBG        59  20      
QSO: 14000 PH 2018-10-28 1420 SQ6IUS        59  15     KC1XX         59  05      
QSO: 14000 PH 2018-10-28 1447 SQ6IUS        59  15     TC0F          59  20      
QSO: 14000 PH 2018-10-28 1449 SQ6IUS        59  15     K1TTT         59  05      
QSO: 14000 PH 2018-10-28 1452 SQ6IUS        59  15     KU2M          59  05      
QSO: 14000 PH 2018-10-28 1454 SQ6IUS        59  15     PI4DX         59  14      
QSO: 14000 PH 2018-10-28 1456 SQ6IUS        59  15     DR5N          59  14      
QSO: 14000 PH 2018-10-28 1457 SQ6IUS        59  15     SZ1A          59  20      
QSO: 14000 PH 2018-10-28 1501 SQ6IUS        59  15     IS0GRB        59  15      
QSO: 14000 PH 2018-10-28 1507 SQ6IUS        59  15     YM3VBR        59  20      
QSO: 14000 PH 2018-10-28 1526 SQ6IUS        59  15     IB9A          59  15      
QSO: 14000 PH 2018-10-28 1539 SQ6IUS        59  15     IK5ZWU        59  15      
QSO: 14000 PH 2018-10-28 1546 SQ6IUS        59  15     EI7M          59  14      
QSO: 14000 PH 2018-10-28 1549 SQ6IUS        59  15     EI9E          59  14      
QSO:  3500 PH 2018-10-28 1557 SQ6IUS        59  15     DO7DOC        59  14      
QSO:  3500 PH 2018-10-28 1558 SQ6IUS        59  15     OL0W          59  15      
QSO:  3500 PH 2018-10-28 1559 SQ6IUS        59  15     OK1FPS        59  15      
QSO:  3500 PH 2018-10-28 1600 SQ6IUS        59  15     OK8WW         59  15      
QSO:  3500 PH 2018-10-28 1645 SQ6IUS        59  15     OH5Z          59  15      
QSO:  3500 PH 2018-10-28 1646 SQ6IUS        59  15     DF0HQ         59  14      
QSO:  3500 PH 2018-10-28 1647 SQ6IUS        59  15     OL9R          59  15      
QSO:  1800 PH 2018-10-28 1659 SQ6IUS        59  15     OM0WR         59  15      
QSO:  1800 PH 2018-10-28 1704 SQ6IUS        59  15     OL100RCS      59  15      
QSO:  1800 PH 2018-10-28 1704 SQ6IUS        59  15     UR5AS         59  16      
QSO:  7000 PH 2018-10-28 1708 SQ6IUS        59  15     YT0W          59  15      
QSO:  7000 PH 2018-10-28 1709 SQ6IUS        59  15     A73A          59  21      
QSO:  7000 PH 2018-10-28 1712 SQ6IUS        59  15     RC7KY         59  16      
QSO:  7000 PH 2018-10-28 1713 SQ6IUS        59  15     S56Y          59  15      
QSO:  3500 PH 2018-10-28 1829 SQ6IUS        59  15     9A7A          59  15      
QSO:  3500 PH 2018-10-28 1832 SQ6IUS        59  15     OM3IAG        59  15      
QSO:  7000 PH 2018-10-28 1843 SQ6IUS        59  15     YP0C          59  20      
QSO:  1800 PH 2018-10-28 2032 SQ6IUS        59  15     OK5Z          59  15      
END-OF-LOG:
